C:\USERS\RODRIGO\DOCUMENTS\STICHER\STICHER\STICHER\X64\DEBUG\.NETFRAMEWORK,VERSION=V4.0.ASSEMBLYATTRIBUTES.OBJ
C:\USERS\RODRIGO\DOCUMENTS\STICHER\STICHER\STICHER\X64\DEBUG\APP.RES
C:\USERS\RODRIGO\DOCUMENTS\STICHER\STICHER\STICHER\X64\DEBUG\ASSEMBLYINFO.OBJ
C:\Users\Rodrigo\Documents\sticher\sticher\sticher\x64\Debug\cl.command.1.tlog
C:\Users\Rodrigo\Documents\sticher\sticher\sticher\x64\Debug\CL.read.1.tlog
C:\Users\Rodrigo\Documents\sticher\sticher\sticher\x64\Debug\CL.write.1.tlog
C:\Users\Rodrigo\Documents\sticher\sticher\sticher\x64\Debug\link.1636.read.1.tlog
C:\Users\Rodrigo\Documents\sticher\sticher\sticher\x64\Debug\link.1636.write.1.tlog
C:\Users\Rodrigo\Documents\sticher\sticher\sticher\x64\Debug\link.1636-cvtres.read.1.tlog
C:\Users\Rodrigo\Documents\sticher\sticher\sticher\x64\Debug\link.1636-cvtres.write.1.tlog
C:\Users\Rodrigo\Documents\sticher\sticher\sticher\x64\Debug\link.2756.read.1.tlog
C:\Users\Rodrigo\Documents\sticher\sticher\sticher\x64\Debug\link.2756.write.1.tlog
C:\Users\Rodrigo\Documents\sticher\sticher\sticher\x64\Debug\link.2756-cvtres.read.1.tlog
C:\Users\Rodrigo\Documents\sticher\sticher\sticher\x64\Debug\link.2756-cvtres.write.1.tlog
C:\Users\Rodrigo\Documents\sticher\sticher\sticher\x64\Debug\link.2872.read.1.tlog
C:\Users\Rodrigo\Documents\sticher\sticher\sticher\x64\Debug\link.2872.write.1.tlog
C:\Users\Rodrigo\Documents\sticher\sticher\sticher\x64\Debug\link.2872-cvtres.read.1.tlog
C:\Users\Rodrigo\Documents\sticher\sticher\sticher\x64\Debug\link.2872-cvtres.write.1.tlog
C:\Users\Rodrigo\Documents\sticher\sticher\sticher\x64\Debug\link.3816.read.1.tlog
C:\Users\Rodrigo\Documents\sticher\sticher\sticher\x64\Debug\link.3816.write.1.tlog
C:\Users\Rodrigo\Documents\sticher\sticher\sticher\x64\Debug\link.3816-cvtres.read.1.tlog
C:\Users\Rodrigo\Documents\sticher\sticher\sticher\x64\Debug\link.3816-cvtres.write.1.tlog
C:\Users\Rodrigo\Documents\sticher\sticher\sticher\x64\Debug\link.4632.read.1.tlog
C:\Users\Rodrigo\Documents\sticher\sticher\sticher\x64\Debug\link.4632.write.1.tlog
C:\Users\Rodrigo\Documents\sticher\sticher\sticher\x64\Debug\link.4632-cvtres.read.1.tlog
C:\Users\Rodrigo\Documents\sticher\sticher\sticher\x64\Debug\link.4632-cvtres.write.1.tlog
C:\Users\Rodrigo\Documents\sticher\sticher\sticher\x64\Debug\link.6172.read.1.tlog
C:\Users\Rodrigo\Documents\sticher\sticher\sticher\x64\Debug\link.6172.write.1.tlog
C:\Users\Rodrigo\Documents\sticher\sticher\sticher\x64\Debug\link.6172-cvtres.read.1.tlog
C:\Users\Rodrigo\Documents\sticher\sticher\sticher\x64\Debug\link.6172-cvtres.write.1.tlog
C:\Users\Rodrigo\Documents\sticher\sticher\sticher\x64\Debug\link.6248.read.1.tlog
C:\Users\Rodrigo\Documents\sticher\sticher\sticher\x64\Debug\link.6248.write.1.tlog
C:\Users\Rodrigo\Documents\sticher\sticher\sticher\x64\Debug\link.6248-cvtres.read.1.tlog
C:\Users\Rodrigo\Documents\sticher\sticher\sticher\x64\Debug\link.6248-cvtres.write.1.tlog
C:\Users\Rodrigo\Documents\sticher\sticher\sticher\x64\Debug\link.6296.read.1.tlog
C:\Users\Rodrigo\Documents\sticher\sticher\sticher\x64\Debug\link.6296.write.1.tlog
C:\Users\Rodrigo\Documents\sticher\sticher\sticher\x64\Debug\link.6296-cvtres.read.1.tlog
C:\Users\Rodrigo\Documents\sticher\sticher\sticher\x64\Debug\link.6296-cvtres.write.1.tlog
C:\Users\Rodrigo\Documents\sticher\sticher\sticher\x64\Debug\link.6316.read.1.tlog
C:\Users\Rodrigo\Documents\sticher\sticher\sticher\x64\Debug\link.6316.write.1.tlog
C:\Users\Rodrigo\Documents\sticher\sticher\sticher\x64\Debug\link.6316-cvtres.read.1.tlog
C:\Users\Rodrigo\Documents\sticher\sticher\sticher\x64\Debug\link.6316-cvtres.write.1.tlog
C:\Users\Rodrigo\Documents\sticher\sticher\sticher\x64\Debug\link.6860.read.1.tlog
C:\Users\Rodrigo\Documents\sticher\sticher\sticher\x64\Debug\link.6860.write.1.tlog
C:\Users\Rodrigo\Documents\sticher\sticher\sticher\x64\Debug\link.6860-cvtres.read.1.tlog
C:\Users\Rodrigo\Documents\sticher\sticher\sticher\x64\Debug\link.6860-cvtres.write.1.tlog
C:\Users\Rodrigo\Documents\sticher\sticher\sticher\x64\Debug\link.7136.read.1.tlog
C:\Users\Rodrigo\Documents\sticher\sticher\sticher\x64\Debug\link.7136.write.1.tlog
C:\Users\Rodrigo\Documents\sticher\sticher\sticher\x64\Debug\link.7136-cvtres.read.1.tlog
C:\Users\Rodrigo\Documents\sticher\sticher\sticher\x64\Debug\link.7136-cvtres.write.1.tlog
C:\Users\Rodrigo\Documents\sticher\sticher\sticher\x64\Debug\link.command.1.tlog
C:\Users\Rodrigo\Documents\sticher\sticher\sticher\x64\Debug\link.read.1.tlog
C:\Users\Rodrigo\Documents\sticher\sticher\sticher\x64\Debug\link.write.1.tlog
C:\Users\Rodrigo\Documents\sticher\sticher\sticher\x64\Debug\metagen.read.1.tlog
C:\Users\Rodrigo\Documents\sticher\sticher\sticher\x64\Debug\metagen.write.1.tlog
C:\Users\Rodrigo\Documents\sticher\sticher\sticher\x64\Debug\mt.command.1.tlog
C:\Users\Rodrigo\Documents\sticher\sticher\sticher\x64\Debug\mt.read.1.tlog
C:\Users\Rodrigo\Documents\sticher\sticher\sticher\x64\Debug\mt.write.1.tlog
C:\Users\Rodrigo\Documents\sticher\sticher\sticher\x64\Debug\rc.command.1.tlog
C:\Users\Rodrigo\Documents\sticher\sticher\sticher\x64\Debug\rc.read.1.tlog
C:\Users\Rodrigo\Documents\sticher\sticher\sticher\x64\Debug\rc.write.1.tlog
C:\Users\Rodrigo\Documents\sticher\sticher\sticher\x64\Debug\RSAENH.DLL.bi
C:\USERS\RODRIGO\DOCUMENTS\STICHER\STICHER\STICHER\X64\DEBUG\STDAFX.OBJ
C:\USERS\RODRIGO\DOCUMENTS\STICHER\STICHER\STICHER\X64\DEBUG\STICHER.EXE.INTERMEDIATE.MANIFEST
C:\Users\Rodrigo\Documents\sticher\sticher\sticher\x64\Debug\sticher.MainForm.resources
C:\USERS\RODRIGO\DOCUMENTS\STICHER\STICHER\STICHER\X64\DEBUG\STICHER.OBJ
C:\USERS\RODRIGO\DOCUMENTS\STICHER\STICHER\STICHER\X64\DEBUG\STICHER.PCH
C:\Users\Rodrigo\Documents\sticher\sticher\sticher\x64\Debug\sticher.vcxproj.GenerateResource.Cache
C:\Users\Rodrigo\Documents\sticher\sticher\sticher\x64\Debug\sticher.vcxprojResolveAssemblyReference.cache
C:\Users\Rodrigo\Documents\sticher\sticher\sticher\x64\Debug\sticher.write.1.tlog
C:\Users\Rodrigo\Documents\sticher\sticher\sticher\x64\Debug\TZRES.DLL.bi
C:\USERS\RODRIGO\DOCUMENTS\STICHER\STICHER\STICHER\X64\DEBUG\VC100.PDB
C:\USERS\RODRIGO\DOCUMENTS\STICHER\STICHER\X64\DEBUG\STICHER.EXE
C:\USERS\RODRIGO\DOCUMENTS\STICHER\STICHER\X64\DEBUG\STICHER.ILK
C:\USERS\RODRIGO\DOCUMENTS\STICHER\STICHER\X64\DEBUG\STICHER.PDB
